<?xml version="1.0" encoding="UTF-8"?>
<testsuite name="test.collective.start.AppTest" tests="2" skipped="0" failures="0" errors="0" timestamp="2023-11-10T00:36:11" hostname="MacBook-Pro.local" time="0.735">
  <properties/>
  <testcase name="articles" classname="test.collective.start.AppTest" time="0.71"/>
  <testcase name="slash" classname="test.collective.start.AppTest" time="0.024"/>
  <system-out><![CDATA[]]></system-out>
  <system-err><![CDATA[[Test worker] INFO org.eclipse.jetty.util.log - Logging initialized @606ms
[Test worker] INFO io.collective.start.App - App started.
[Test worker] INFO org.eclipse.jetty.server.Server - jetty-9.3.0.M2
[Test worker] INFO org.eclipse.jetty.server.ServerConnector - Started ServerConnector@7e442b22{HTTP/1.1,[http/1.1]}{0.0.0.0:8888}
[Test worker] INFO org.eclipse.jetty.server.Server - Started @738ms
[Test worker] INFO io.collective.workflow.WorkScheduler - scheduling worker ready
[pool-1-thread-1] INFO io.collective.workflow.WorkScheduler - found work for ready
[Test worker] INFO io.collective.start.App - App stopped.
[Test worker] INFO org.eclipse.jetty.server.ServerConnector - Stopped ServerConnector@7e442b22{HTTP/1.1,[http/1.1]}{0.0.0.0:8888}
[Test worker] INFO io.collective.start.App - App started.
[Test worker] INFO org.eclipse.jetty.server.Server - jetty-9.3.0.M2
[Test worker] INFO org.eclipse.jetty.server.ServerConnector - Started ServerConnector@5b619d14{HTTP/1.1,[http/1.1]}{0.0.0.0:8888}
[Test worker] INFO org.eclipse.jetty.server.Server - Started @1292ms
[Test worker] INFO io.collective.workflow.WorkScheduler - scheduling worker ready
[pool-3-thread-1] INFO io.collective.workflow.WorkScheduler - found work for ready
[Test worker] INFO io.collective.start.App - App stopped.
[Test worker] INFO org.eclipse.jetty.server.ServerConnector - Stopped ServerConnector@5b619d14{HTTP/1.1,[http/1.1]}{0.0.0.0:8888}
]]></system-err>
</testsuite>
